<?xml version="1.0" encoding="UTF-8"?>
<!-- Generated by org.testng.reporters.JUnitReportReporter -->
<testsuite hostname="Vineets-MacBook-Pro.local" name="com.edureka.project.Selenium.listSeleniumBlog" tests="1" failures="0" timestamp="19 Oct 2019 18:29:41 GMT" time="27.184" errors="0">
  <testcase name="listSeleniumBlog" time="27.184" classname="com.edureka.project.Selenium.listSeleniumBlog"/>
</testsuite> <!-- com.edureka.project.Selenium.listSeleniumBlog -->
